[1025/151825.291:ERROR:process_reader_win.cc(123)] NtOpenThread: {Access Denied} A process has requested access to an object, but has not been granted those access rights. (0xc0000022)
[1025/151825.317:ERROR:exception_snapshot_win.cc(99)] thread ID 14368 not found in process
[1025/151825.324:ERROR:process_reader_win.cc(123)] NtOpenThread: {Access Denied} A process has requested access to an object, but has not been granted those access rights. (0xc0000022)
[1025/151825.324:ERROR:exception_snapshot_win.cc(99)] thread ID 16492 not found in process
[1025/173740.934:ERROR:process_reader_win.cc(123)] NtOpenThread: {Access Denied} A process has requested access to an object, but has not been granted those access rights. (0xc0000022)
[1025/173740.935:ERROR:exception_snapshot_win.cc(99)] thread ID 6316 not found in process
[1025/173740.944:ERROR:process_reader_win.cc(123)] NtOpenThread: {Access Denied} A process has requested access to an object, but has not been granted those access rights. (0xc0000022)
[1025/173740.944:ERROR:exception_snapshot_win.cc(99)] thread ID 7052 not found in process
[1025/174433.910:ERROR:process_reader_win.cc(123)] NtOpenThread: {Access Denied} A process has requested access to an object, but has not been granted those access rights. (0xc0000022)
[1025/174433.911:ERROR:exception_snapshot_win.cc(99)] thread ID 8840 not found in process
[1025/174433.925:ERROR:process_reader_win.cc(123)] NtOpenThread: {Access Denied} A process has requested access to an object, but has not been granted those access rights. (0xc0000022)
[1025/174433.925:ERROR:exception_snapshot_win.cc(99)] thread ID 6632 not found in process
[1025/190530.567:ERROR:process_reader_win.cc(123)] NtOpenThread: {Access Denied} A process has requested access to an object, but has not been granted those access rights. (0xc0000022)
[1025/190530.568:ERROR:exception_snapshot_win.cc(99)] thread ID 11796 not found in process
[1025/190530.608:ERROR:process_reader_win.cc(123)] NtOpenThread: {Access Denied} A process has requested access to an object, but has not been granted those access rights. (0xc0000022)
[1025/190530.608:ERROR:exception_snapshot_win.cc(99)] thread ID 18160 not found in process
[1025/190826.255:ERROR:process_reader_win.cc(151)] SuspendThread: Access is denied. (0x5)
[1025/190826.256:ERROR:process_reader_win.cc(151)] SuspendThread: Access is denied. (0x5)
[1025/190826.256:ERROR:process_reader_win.cc(123)] NtOpenThread: {Access Denied} A process has requested access to an object, but has not been granted those access rights. (0xc0000022)
[1025/190826.256:ERROR:exception_snapshot_win.cc(99)] thread ID 9332 not found in process
[1025/190826.336:ERROR:process_reader_win.cc(123)] NtOpenThread: {Access Denied} A process has requested access to an object, but has not been granted those access rights. (0xc0000022)
[1025/190826.336:ERROR:exception_snapshot_win.cc(99)] thread ID 2460 not found in process
[1025/190826.416:ERROR:process_reader_win.cc(123)] NtOpenThread: {Access Denied} A process has requested access to an object, but has not been granted those access rights. (0xc0000022)
[1025/190826.416:ERROR:exception_snapshot_win.cc(99)] thread ID 17752 not found in process
[1025/194417.279:ERROR:process_reader_win.cc(123)] NtOpenThread: {Access Denied} A process has requested access to an object, but has not been granted those access rights. (0xc0000022)
[1025/194417.280:ERROR:exception_snapshot_win.cc(99)] thread ID 7912 not found in process
[1025/194417.290:ERROR:process_reader_win.cc(123)] NtOpenThread: {Access Denied} A process has requested access to an object, but has not been granted those access rights. (0xc0000022)
[1025/194417.290:ERROR:exception_snapshot_win.cc(99)] thread ID 6692 not found in process
[1025/195027.446:ERROR:process_reader_win.cc(123)] NtOpenThread: {Access Denied} A process has requested access to an object, but has not been granted those access rights. (0xc0000022)
[1025/195027.448:ERROR:exception_snapshot_win.cc(99)] thread ID 2620 not found in process
[1025/195027.468:ERROR:process_info.cc(329)] VirtualQueryEx: Access is denied. (0x5)
[1025/195027.470:ERROR:process_info.cc(556)] ReadMemoryInfo failed
[1025/195027.470:ERROR:process_memory_win.cc(39)] Failed to initialize ProcessInfo.
[1025/195027.470:ERROR:scoped_process_suspend.cc(40)] NtResumeProcess: An attempt was made to access an exiting process. (0xc000010a)
[1026/053601.844:ERROR:process_reader_win.cc(123)] NtOpenThread: {Access Denied} A process has requested access to an object, but has not been granted those access rights. (0xc0000022)
[1026/053601.866:ERROR:exception_snapshot_win.cc(99)] thread ID 6732 not found in process
[1026/053601.923:ERROR:process_reader_win.cc(123)] NtOpenThread: {Access Denied} A process has requested access to an object, but has not been granted those access rights. (0xc0000022)
[1026/053601.924:ERROR:exception_snapshot_win.cc(99)] thread ID 4148 not found in process
